<?xml version="1.0" encoding="utf-8"?><testsuites name="pytest tests"><testsuite name="pytest" errors="0" failures="0" skipped="10" tests="131" time="20.099" timestamp="2026-09-25T12:10:48.281763+02:00" hostname="ni"><properties><property name="commit" value="b02ec71" /></properties><testcase classname="" name="tests.integration.test_mrm_report_export" time="0.000"><skipped message="collection skipped">('D:\\Github\\signal-watch\\tests\\integration\\test_mrm_report_export.py', 8, 'Skipped: Fuera de alcance: reporting/mrm_report.py está en el roadmap (informe MRM). La tabla de alarmas con su huella sí existe y se prueba en test_monitoring_engine.py.')</skipped></testcase><testcase classname="" name="tests.methodology.test_cosechas_censuradas_excluidas" time="0.000"><skipped message="collection skipped">('D:\\Github\\signal-watch\\tests\\methodology\\test_cosechas_censuradas_excluidas.py', 8, 'Skipped: Fuera de alcance: Rama de crédito, fuera de alcance. La ventana sin censura (term 36, 2007-06 a 2016-02) está decidida con datos reales (MEMORIA §4), no implementada.')</skipped></testcase><testcase classname="" name="tests.methodology.test_sin_features_post_concesion" time="0.000"><skipped message="collection skipped">('D:\\Github\\signal-watch\\tests\\methodology\\test_sin_features_post_concesion.py', 8, 'Skipped: Fuera de alcance: Rama de crédito, fuera de alcance: no hay scorecard con variables de concesión que vigilar.')</skipped></testcase><testcase classname="" name="tests.unit.test_audit_log" time="0.000"><skipped message="collection skipped">('D:\\Github\\signal-watch\\tests\\unit\\test_audit_log.py', 8, 'Skipped: Fuera de alcance: monitoring/audit_log.py está en el roadmap. La trazabilidad de cada alarma (huella R7) se prueba en test_monitoring_engine.py.')</skipped></testcase><testcase classname="" name="tests.unit.test_bocpd" time="0.000"><skipped message="collection skipped">('D:\\Github\\signal-watch\\tests\\unit\\test_bocpd.py', 8, 'Skipped: Fuera de alcance: BOCPD es stretch, fuera del núcleo del proyecto: no existe detectors/bocpd.py que probar.')</skipped></testcase><testcase classname="" name="tests.unit.test_economic_value" time="0.000"><skipped message="collection skipped">('D:\\Github\\signal-watch\\tests\\unit\\test_economic_value.py', 8, 'Skipped: Fuera de alcance: evaluation/economic_value.py no se construyó por calendario (roadmap). Los costes de la señal de ML se prueban en test_split_temporal_sin_leakage.py.')</skipped></testcase><testcase classname="" name="tests.unit.test_maturity_rules" time="0.000"><skipped message="collection skipped">('D:\\Github\\signal-watch\\tests\\unit\\test_maturity_rules.py', 8, 'Skipped: Fuera de alcance: processing/maturity_rules.py es de la rama de crédito, fuera de alcance. La regla de madurez está decidida con datos (MEMORIA §4), no implementada.')</skipped></testcase><testcase classname="" name="tests.unit.test_privacy_columns" time="0.000"><skipped message="collection skipped">('D:\\Github\\signal-watch\\tests\\unit\\test_privacy_columns.py', 8, 'Skipped: Fuera de alcance: processing/privacy.py es de la rama de crédito, fuera de alcance: los datos de mercado no contienen datos personales.')</skipped></testcase><testcase classname="" name="tests.unit.test_psi" time="0.000"><skipped message="collection skipped">('D:\\Github\\signal-watch\\tests\\unit\\test_psi.py', 8, 'Skipped: Fuera de alcance: scorecard/psi.py es de la rama de crédito, fuera de alcance. El PSI sintético del banco se prueba en test_synthetic_metrics.py.')</skipped></testcase><testcase classname="" name="tests.unit.test_verdict" time="0.000"><skipped message="collection skipped">('D:\\Github\\signal-watch\\tests\\unit\\test_verdict.py', 8, 'Skipped: Fuera de alcance: monitoring/verdict.py no existe: las reglas de veredicto de negocio no se han definido (por eso la app no tiene semáforo).')</skipped></testcase><testcase classname="tests.integration.test_metric_stream_contract" name="test_ida_y_vuelta_sin_perdida" time="0.148" /><testcase classname="tests.integration.test_metric_stream_contract" name="test_falta_una_columna" time="0.011" /><testcase classname="tests.integration.test_metric_stream_contract" name="test_no_se_guarda_una_lista_vacia" time="0.003" /><testcase classname="tests.integration.test_metric_stream_contract" name="test_archivo_inexistente" time="0.003" /><testcase classname="tests.integration.test_metric_stream_contract" name="test_tau_none_sobrevive_al_parquet" time="0.013" /><testcase classname="tests.integration.test_monitoring_engine" name="test_reinicia_tras_cada_alarma" time="0.001" /><testcase classname="tests.integration.test_monitoring_engine" name="test_regimen_malo_persistente_da_alarmas_repetidas" time="0.001" /><testcase classname="tests.integration.test_monitoring_engine" name="test_cada_alarma_lleva_la_huella_y_la_observacion_que_la_disparo" time="0.001" /><testcase classname="tests.integration.test_monitoring_engine" name="test_sin_cambio_no_hay_alarmas" time="0.002" /><testcase classname="tests.integration.test_monitoring_engine" name="test_serie_vacia" time="0.001" /><testcase classname="tests.integration.test_pipeline_raw_to_gold" name="test_el_parser_ignora_cabecera_y_copyright" time="0.590" /><testcase classname="tests.integration.test_pipeline_raw_to_gold" name="test_porcentaje_a_decimal_una_sola_vez" time="0.125" /><testcase classname="tests.integration.test_pipeline_raw_to_gold" name="test_codigos_de_faltante_son_nan" time="0.080" /><testcase classname="tests.integration.test_pipeline_raw_to_gold" name="test_de_crudo_a_gold_ida_y_vuelta" time="0.218" /><testcase classname="tests.integration.test_pipeline_raw_to_gold" name="test_no_se_resta_rf_a_un_factor_no_declarado" time="0.126" /><testcase classname="tests.methodology.test_calibracion_evaluacion_disjuntas" name="test_los_cuatro_rangos_son_disjuntos_dos_a_dos" time="0.035" /><testcase classname="tests.methodology.test_calibracion_evaluacion_disjuntas" name="test_cada_serie_tiene_su_semilla" time="0.001" /><testcase classname="tests.methodology.test_calibracion_evaluacion_disjuntas" name="test_rama_real_semillas_distintas_y_fuera_del_banco" time="0.009" /><testcase classname="tests.methodology.test_calibracion_evaluacion_disjuntas" name="test_calibrar_con_la_misma_semilla_que_verificar_falla" time="0.011" /><testcase classname="tests.methodology.test_configs_congeladas_antes_de_evaluar" name="test_sin_config_congelada_no_se_evalua" time="0.001" /><testcase classname="tests.methodology.test_configs_congeladas_antes_de_evaluar" name="test_la_misma_config_verifica_aunque_cambie_el_orden" time="0.007" /><testcase classname="tests.methodology.test_configs_congeladas_antes_de_evaluar" name="test_un_cambio_real_de_valor_no_verifica" time="0.006" /><testcase classname="tests.methodology.test_split_temporal_sin_leakage" name="test_objetivo_es_el_mes_siguiente" time="0.163" /><testcase classname="tests.methodology.test_split_temporal_sin_leakage" name="test_caracteristicas_no_cambian_si_se_altera_el_futuro" time="0.034" /><testcase classname="tests.methodology.test_split_temporal_sin_leakage" name="test_cada_prediccion_se_entrena_solo_con_el_pasado" time="1.050" /><testcase classname="tests.methodology.test_split_temporal_sin_leakage" name="test_placebo_sobre_ruido_no_gana_a_la_moneda" time="0.003" /><testcase classname="tests.methodology.test_split_temporal_sin_leakage" name="test_fuga_plantada_se_nota" time="0.932" /><testcase classname="tests.methodology.test_split_temporal_sin_leakage" name="test_la_posicion_se_aplica_al_mes_objetivo_y_paga_la_rotacion" time="0.014" /><testcase classname="tests.methodology.test_tau_no_cruza_la_muralla" name="test_el_contrato_no_tiene_campo_tau" time="0.001" /><testcase classname="tests.methodology.test_tau_no_cruza_la_muralla" name="test_un_tau_colado_al_construir_no_se_queda_dentro" time="0.001" /><testcase classname="tests.methodology.test_tau_no_cruza_la_muralla" name="test_un_parquet_con_columna_tau_no_se_carga" time="0.013" /><testcase classname="tests.methodology.test_tau_no_cruza_la_muralla" name="test_observaciones_y_verdad_viven_en_archivos_separados" time="0.018" /><testcase classname="tests.methodology.test_tau_no_cruza_la_muralla" name="test_la_puerta_rechaza_cualquier_objeto_con_tau" time="0.001" /><testcase classname="tests.methodology.test_tau_no_cruza_la_muralla" name="test_la_puerta_deja_pasar_observaciones_limpias_sin_tocarlas" time="0.001" /><testcase classname="tests.methodology.test_tau_no_cruza_la_muralla" name="test_el_motor_pasa_siempre_por_la_puerta" time="0.001" /><testcase classname="tests.smoke.test_app_carga" name="test_la_pagina_carga_sin_excepciones[Home.py]" time="2.224" /><testcase classname="tests.smoke.test_app_carga" name="test_la_pagina_carga_sin_excepciones[pages/1_Salud_de_modelos.py]" time="0.672" /><testcase classname="tests.smoke.test_app_carga" name="test_la_pagina_carga_sin_excepciones[pages/3_Factores_de_mercado.py]" time="0.741" /><testcase classname="tests.smoke.test_app_carga" name="test_la_pagina_carga_sin_excepciones[pages/4_Banco_de_pruebas.py]" time="0.556" /><testcase classname="tests.smoke.test_app_carga" name="test_la_pagina_carga_sin_excepciones[pages/6_Informe_MRM.py]" time="0.516" /><testcase classname="tests.smoke.test_cli" name="test_version" time="0.060" /><testcase classname="tests.smoke.test_cli" name="test_sin_subcomando_muestra_la_ayuda" time="0.139" /><testcase classname="tests.unit.test_arl" name="test_alarma_en_el_indice_cero_es_racha_uno" time="0.001" /><testcase classname="tests.unit.test_arl" name="test_sin_alarma_la_racha_es_la_longitud_y_esta_censurada" time="0.001" /><testcase classname="tests.unit.test_arl" name="test_arl0_media_y_censura" time="0.002" /><testcase classname="tests.unit.test_arl" name="test_arl1_mide_el_retardo_desde_tau" time="0.001" /><testcase classname="tests.unit.test_arl" name="test_alarma_antes_de_tau_se_excluye_pero_se_cuenta" time="0.002" /><testcase classname="tests.unit.test_arl" name="test_retardo_censurado_cuenta_hasta_el_final" time="0.002" /><testcase classname="tests.unit.test_arl" name="test_si_todo_se_excluye_devuelve_nan_sin_romper" time="0.001" /><testcase classname="tests.unit.test_arl" name="test_errores_de_uso" time="0.001" /><testcase classname="tests.unit.test_arl" name="test_intervalo_95" time="0.001" /><testcase classname="tests.unit.test_baseline" name="test_psi_mayor_que_025_es_estricto" time="0.001" /><testcase classname="tests.unit.test_baseline" name="test_umbral_fijo_lower_is_worse" time="0.001" /><testcase classname="tests.unit.test_baseline" name="test_tres_sigma_es_estricto_y_de_un_solo_instante" time="0.004" /><testcase classname="tests.unit.test_baseline" name="test_tres_sigma_no_alarma_si_mejora" time="0.001" /><testcase classname="tests.unit.test_baseline" name="test_tres_sigma_parametros_imposibles[kwargs0]" time="0.001" /><testcase classname="tests.unit.test_baseline" name="test_tres_sigma_parametros_imposibles[kwargs1]" time="0.001" /><testcase classname="tests.unit.test_calibration" name="test_la_racha_cuenta_observaciones_consumidas" time="0.002" /><testcase classname="tests.unit.test_calibration" name="test_sin_alarma_se_censura_en_el_maximo" time="0.003" /><testcase classname="tests.unit.test_calibration" name="test_misma_semilla_mismo_resultado" time="0.081" /><testcase classname="tests.unit.test_calibration" name="test_la_biseccion_converge_al_objetivo" time="3.879" /><testcase classname="tests.unit.test_calibration" name="test_rango_imposible" time="0.001" /><testcase classname="tests.unit.test_cusum" name="test_parametros_imposibles[kwargs0]" time="0.001" /><testcase classname="tests.unit.test_cusum" name="test_parametros_imposibles[kwargs1]" time="0.001" /><testcase classname="tests.unit.test_cusum" name="test_parametros_imposibles[kwargs2]" time="0.001" /><testcase classname="tests.unit.test_cusum" name="test_en_el_nivel_de_referencia_no_acumula" time="0.003" /><testcase classname="tests.unit.test_cusum" name="test_caida_de_3_sigma_se_detecta_al_tercer_paso" time="0.002" /><testcase classname="tests.unit.test_cusum" name="test_lower_is_worse_no_alarma_si_la_metrica_mejora" time="0.002" /><testcase classname="tests.unit.test_cusum" name="test_higher_is_worse_vigila_subidas_y_no_bajadas" time="0.001" /><testcase classname="tests.unit.test_cusum" name="test_el_recorte_a_cero_no_hace_pagar_la_buena_racha" time="0.002" /><testcase classname="tests.unit.test_cusum" name="test_reset_vuelve_a_cero" time="0.001" /><testcase classname="tests.unit.test_cusum" name="test_un_umbral_mayor_tarda_mas_en_dar_falsas_alarmas" time="0.621" /><testcase classname="tests.unit.test_deflated_sharpe" name="test_con_normalidad_mertens_se_reduce_a_lo" time="0.001" /><testcase classname="tests.unit.test_deflated_sharpe" name="test_colas_gordas_agrandan_el_error" time="0.001" /><testcase classname="tests.unit.test_deflated_sharpe" name="test_psr_es_medio_en_el_liston" time="0.001" /><testcase classname="tests.unit.test_deflated_sharpe" name="test_psr_crece_con_el_sharpe_y_con_la_muestra" time="0.001" /><testcase classname="tests.unit.test_deflated_sharpe" name="test_sr0_es_cero_sin_busqueda_y_crece_con_n" time="0.002" /><testcase classname="tests.unit.test_deflated_sharpe" name="test_sr0_coincide_con_el_maximo_simulado_de_ruido" time="0.581" /><testcase classname="tests.unit.test_deflated_sharpe" name="test_momentos_de_una_normal" time="0.017" /><testcase classname="tests.unit.test_generator" name="test_se_recupera_rho[0.0]" time="0.256" /><testcase classname="tests.unit.test_generator" name="test_se_recupera_rho[0.5]" time="0.274" /><testcase classname="tests.unit.test_generator" name="test_se_recupera_rho[0.9]" time="0.260" /><testcase classname="tests.unit.test_generator" name="test_arranca_desde_la_varianza_estacionaria" time="0.429" /><testcase classname="tests.unit.test_generator" name="test_misma_semilla_misma_serie" time="0.002" /><testcase classname="tests.unit.test_generator" name="test_parametros_imposibles[1.0-1.0]" time="0.001" /><testcase classname="tests.unit.test_generator" name="test_parametros_imposibles[-0.1-1.0]" time="0.002" /><testcase classname="tests.unit.test_generator" name="test_parametros_imposibles[0.5--1.0]" time="0.001" /><testcase classname="tests.unit.test_generator" name="test_la_serie_y_su_verdad_viajan_separadas" time="0.003" /><testcase classname="tests.unit.test_generator" name="test_el_cambio_empieza_en_tau" time="0.002" /><testcase classname="tests.unit.test_generator" name="test_tau_fuera_de_rango" time="0.001" /><testcase classname="tests.unit.test_gold_schemas" name="test_una_observacion_valida_se_acepta" time="0.001" /><testcase classname="tests.unit.test_gold_schemas" name="test_valores_imposibles_se_rechazan[t--1]" time="0.001" /><testcase classname="tests.unit.test_gold_schemas" name="test_valores_imposibles_se_rechazan[value_se--0.001]" time="0.001" /><testcase classname="tests.unit.test_gold_schemas" name="test_valores_imposibles_se_rechazan[n_obs-0]" time="0.001" /><testcase classname="tests.unit.test_gold_schemas" name="test_valores_imposibles_se_rechazan[stream_id-]" time="0.001" /><testcase classname="tests.unit.test_gold_schemas" name="test_es_inmutable" time="0.007" /><testcase classname="tests.unit.test_gold_schemas" name="test_dos_observaciones_iguales_son_iguales" time="0.001" /><testcase classname="tests.unit.test_gold_schemas" name="test_direction_solo_admite_los_dos_valores" time="0.001" /><testcase classname="tests.unit.test_page_hinkley" name="test_identidad_con_cusum[0.5-3.0]" time="0.263" /><testcase classname="tests.unit.test_page_hinkley" name="test_identidad_con_cusum[0.25-5.0]" time="0.245" /><testcase classname="tests.unit.test_page_hinkley" name="test_identidad_con_cusum[1.0-2.0]" time="0.240" /><testcase classname="tests.unit.test_page_hinkley" name="test_con_delta_distinto_de_k_ya_no_coinciden" time="0.236" /><testcase classname="tests.unit.test_page_hinkley" name="test_estandariza_por_sigma" time="0.002" /><testcase classname="tests.unit.test_page_hinkley" name="test_higher_is_worse" time="0.002" /><testcase classname="tests.unit.test_page_hinkley" name="test_parametros_imposibles[kwargs0]" time="0.001" /><testcase classname="tests.unit.test_page_hinkley" name="test_parametros_imposibles[kwargs1]" time="0.001" /><testcase classname="tests.unit.test_page_hinkley" name="test_parametros_imposibles[kwargs2]" time="0.001" /><testcase classname="tests.unit.test_scenarios" name="test_salto" time="0.001" /><testcase classname="tests.unit.test_scenarios" name="test_deriva_es_una_rampa_hasta_el_salto_completo" time="0.001" /><testcase classname="tests.unit.test_scenarios" name="test_cambio_de_varianza_no_mueve_la_media" time="0.006" /><testcase classname="tests.unit.test_scenarios" name="test_sin_cambio_es_una_copia" time="0.001" /><testcase classname="tests.unit.test_scenarios" name="test_degradar_el_auc_lo_hace_bajar[salto]" time="0.021" /><testcase classname="tests.unit.test_scenarios" name="test_degradar_el_auc_lo_hace_bajar[deriva]" time="0.019" /><testcase classname="tests.unit.test_scenarios" name="test_degradar_el_psi_lo_hace_subir[salto]" time="0.017" /><testcase classname="tests.unit.test_scenarios" name="test_degradar_el_psi_lo_hace_subir[deriva]" time="0.017" /><testcase classname="tests.unit.test_synthetic_metrics" name="test_psi_sano_tiene_la_escala_de_chi2_entre_n" time="0.008" /><testcase classname="tests.unit.test_synthetic_metrics" name="test_psi_tiene_cola_derecha_no_es_gaussiano" time="0.017" /><testcase classname="tests.unit.test_synthetic_metrics" name="test_el_incremento_del_psi_se_mide_en_su_propio_ruido" time="0.106" /><testcase classname="tests.unit.test_synthetic_metrics" name="test_hanley_mcneil_baja_con_la_muestra" time="0.001" /><testcase classname="tests.unit.test_synthetic_metrics" name="test_recortes" time="0.001" /><testcase classname="tests.unit.test_synthetic_metrics" name="test_inyectar_cambio_psi_solo_desde_tau" time="0.001" /></testsuite></testsuites>